<?xml version="1.0" encoding="UTF-8"?>
<testng-results ignored="0" total="2" passed="2" failed="0" skipped="0">
  <reporter-output>
  </reporter-output>
  <suite started-at="2021-01-12T02:23:20 IST" name="Suite" finished-at="2021-01-12T02:23:20 IST" duration-ms="63">
    <groups>
    </groups>
    <test started-at="2021-01-12T02:23:20 IST" name="Test" finished-at="2021-01-12T02:23:20 IST" duration-ms="63">
      <class name="MavenPack.SeleniumTest">
        <test-method signature="SeleniumTest2()[pri:0, instance:MavenPack.SeleniumTest@17a7f733]" started-at="2021-01-12T02:23:20 IST" name="SeleniumTest2" finished-at="2021-01-12T02:23:20 IST" duration-ms="0" status="PASS">
          <reporter-output>
          </reporter-output>
        </test-method> <!-- SeleniumTest2 -->
        <test-method signature="SeleniumTest1()[pri:0, instance:MavenPack.SeleniumTest@17a7f733]" started-at="2021-01-12T02:23:20 IST" name="SeleniumTest1" finished-at="2021-01-12T02:23:20 IST" duration-ms="0" status="PASS">
          <reporter-output>
          </reporter-output>
        </test-method> <!-- SeleniumTest1 -->
      </class> <!-- MavenPack.SeleniumTest -->
    </test> <!-- Test -->
  </suite> <!-- Suite -->
</testng-results>
