<?xml version="1.0" encoding="UTF-8"?>
<!-- Generated by org.testng.reporters.JUnitXMLReporter -->
<testsuite ignored="0" hostname="SHAIK-PC" failures="0" tests="6" name="Surefire test" time="0.078" errors="0" timestamp="2021-01-12T02:17:08 IST">
  <testcase classname="MavenPack.AppiumTest" name="AppiumTest1" time="0.0"/>
  <testcase classname="MavenPack.AppiumTest" name="AppiumTest2" time="0.0"/>
  <testcase classname="MavenPack.RestAPITest" name="RestAPITest1" time="0.0"/>
  <testcase classname="MavenPack.RestAPITest" name="RestAPITest2" time="0.0"/>
  <testcase classname="MavenPack.SeleniumTest" name="SeleniumTest1" time="0.0"/>
  <testcase classname="MavenPack.SeleniumTest" name="SeleniumTest2" time="0.0"/>
</testsuite> <!-- Surefire test -->
